<?xml version="1.0" encoding="UTF-8"?>
<testng-results skipped="0" failed="0" ignored="0" total="1" passed="1">
  <reporter-output>
  </reporter-output>
  <suite name="Amazon" duration-ms="26252" started-at="2017-05-07T17:58:59Z" finished-at="2017-05-07T17:59:25Z">
    <groups>
    </groups>
    <test name="Amazon Home" duration-ms="26252" started-at="2017-05-07T17:58:59Z" finished-at="2017-05-07T17:59:25Z">
      <class name="home.SearchItems">
        <test-method status="PASS" signature="setUp(boolean, java.lang.String, java.lang.String, java.lang.String, java.lang.String, java.lang.String)[pri:0, instance:home.SearchItems@2f7c7260]" name="setUp" is-config="true" duration-ms="14575" started-at="2017-05-07T13:58:59Z" finished-at="2017-05-07T13:59:13Z">
          <params>
            <param index="0">
              <value>
                <![CDATA[true]]>
              </value>
            </param>
            <param index="1">
              <value>
                <![CDATA[browserstack]]>
              </value>
            </param>
            <param index="2">
              <value>
                <![CDATA[Windows]]>
              </value>
            </param>
            <param index="3">
              <value>
                <![CDATA[firefox]]>
              </value>
            </param>
            <param index="4">
              <value>
                <![CDATA[53.0]]>
              </value>
            </param>
            <param index="5">
              <value>
                <![CDATA[http://amazon.com]]>
              </value>
            </param>
          </params>
          <reporter-output>
          </reporter-output>
        </test-method> <!-- setUp -->
        <test-method status="PASS" signature="serach()[pri:0, instance:home.SearchItems@2f7c7260]" name="serach" duration-ms="755" started-at="2017-05-07T13:59:13Z" finished-at="2017-05-07T13:59:14Z">
          <reporter-output>
          </reporter-output>
        </test-method> <!-- serach -->
        <test-method status="PASS" signature="cleanUp()[pri:0, instance:home.SearchItems@2f7c7260]" name="cleanUp" is-config="true" duration-ms="10900" started-at="2017-05-07T13:59:14Z" finished-at="2017-05-07T13:59:25Z">
          <reporter-output>
          </reporter-output>
        </test-method> <!-- cleanUp -->
      </class> <!-- home.SearchItems -->
    </test> <!-- Amazon Home -->
  </suite> <!-- Amazon -->
</testng-results>
